2026-02-04 17:28:55 INFO  net.dv8tion.jda.api.JDA - Login Successful!
2026-02-04 17:28:55 INFO  n.d.j.i.requests.WebSocketClient - Connected to WebSocket
2026-02-04 17:28:56 INFO  net.dv8tion.jda.api.JDA - Finished Loading!
2026-02-04 17:30:10 INFO  net.dv8tion.jda.api.JDA - Login Successful!
2026-02-04 17:30:11 INFO  n.d.j.i.requests.WebSocketClient - Connected to WebSocket
2026-02-04 17:30:11 INFO  net.dv8tion.jda.api.JDA - Finished Loading!
2026-02-04 17:30:37 ERROR net.dv8tion.jda.api.JDA - One of the EventListeners had an uncaught exception
java.lang.NullPointerException: Cannot invoke "net.dv8tion.jda.api.interactions.commands.OptionMapping.getAsString()" because the return value of "net.dv8tion.jda.api.events.interaction.command.SlashCommandInteractionEvent.getOption(String)" is null
	at es.fplumara.dam1.actividades.discord.DiscordCommands.onSlashCommandInteraction(DiscordCommands.java:20)
	at net.dv8tion.jda.api.hooks.ListenerAdapter.onEvent(ListenerAdapter.java:660)
	at net.dv8tion.jda.api.hooks.InterfacedEventManager.handle(InterfacedEventManager.java:89)
	at net.dv8tion.jda.internal.hooks.EventManagerProxy.handleInternally(EventManagerProxy.java:76)
	at net.dv8tion.jda.internal.hooks.EventManagerProxy.handle(EventManagerProxy.java:63)
	at net.dv8tion.jda.internal.JDAImpl.handleEvent(JDAImpl.java:182)
	at net.dv8tion.jda.internal.handle.InteractionCreateHandler.handleCommand(InteractionCreateHandler.java:100)
	at net.dv8tion.jda.internal.handle.InteractionCreateHandler.handleInternally(InteractionCreateHandler.java:77)
	at net.dv8tion.jda.internal.handle.SocketHandler.handle(SocketHandler.java:39)
	at net.dv8tion.jda.internal.requests.WebSocketClient.onDispatch(WebSocketClient.java:936)
	at net.dv8tion.jda.internal.requests.WebSocketClient.onEvent(WebSocketClient.java:826)
	at net.dv8tion.jda.internal.requests.WebSocketClient.handleEvent(WebSocketClient.java:809)
	at net.dv8tion.jda.internal.requests.WebSocketClient.onBinaryMessage(WebSocketClient.java:980)
	at com.neovisionaries.ws.client.ListenerManager.callOnBinaryMessage(ListenerManager.java:385)
	at com.neovisionaries.ws.client.ReadingThread.callOnBinaryMessage(ReadingThread.java:276)
	at com.neovisionaries.ws.client.ReadingThread.handleBinaryFrame(ReadingThread.java:996)
	at com.neovisionaries.ws.client.ReadingThread.handleFrame(ReadingThread.java:755)
	at com.neovisionaries.ws.client.ReadingThread.main(ReadingThread.java:108)
	at com.neovisionaries.ws.client.ReadingThread.runMain(ReadingThread.java:64)
	at com.neovisionaries.ws.client.WebSocketThread.run(WebSocketThread.java:45)
2026-02-04 17:30:47 ERROR net.dv8tion.jda.api.JDA - One of the EventListeners had an uncaught exception
java.lang.NullPointerException: Cannot invoke "net.dv8tion.jda.api.interactions.commands.OptionMapping.getAsString()" because the return value of "net.dv8tion.jda.api.events.interaction.command.SlashCommandInteractionEvent.getOption(String)" is null
	at es.fplumara.dam1.actividades.discord.DiscordCommands.onSlashCommandInteraction(DiscordCommands.java:20)
	at net.dv8tion.jda.api.hooks.ListenerAdapter.onEvent(ListenerAdapter.java:660)
	at net.dv8tion.jda.api.hooks.InterfacedEventManager.handle(InterfacedEventManager.java:89)
	at net.dv8tion.jda.internal.hooks.EventManagerProxy.handleInternally(EventManagerProxy.java:76)
	at net.dv8tion.jda.internal.hooks.EventManagerProxy.handle(EventManagerProxy.java:63)
	at net.dv8tion.jda.internal.JDAImpl.handleEvent(JDAImpl.java:182)
	at net.dv8tion.jda.internal.handle.InteractionCreateHandler.handleCommand(InteractionCreateHandler.java:100)
	at net.dv8tion.jda.internal.handle.InteractionCreateHandler.handleInternally(InteractionCreateHandler.java:77)
	at net.dv8tion.jda.internal.handle.SocketHandler.handle(SocketHandler.java:39)
	at net.dv8tion.jda.internal.requests.WebSocketClient.onDispatch(WebSocketClient.java:936)
	at net.dv8tion.jda.internal.requests.WebSocketClient.onEvent(WebSocketClient.java:826)
	at net.dv8tion.jda.internal.requests.WebSocketClient.handleEvent(WebSocketClient.java:809)
	at net.dv8tion.jda.internal.requests.WebSocketClient.onBinaryMessage(WebSocketClient.java:980)
	at com.neovisionaries.ws.client.ListenerManager.callOnBinaryMessage(ListenerManager.java:385)
	at com.neovisionaries.ws.client.ReadingThread.callOnBinaryMessage(ReadingThread.java:276)
	at com.neovisionaries.ws.client.ReadingThread.handleBinaryFrame(ReadingThread.java:996)
	at com.neovisionaries.ws.client.ReadingThread.handleFrame(ReadingThread.java:755)
	at com.neovisionaries.ws.client.ReadingThread.main(ReadingThread.java:108)
	at com.neovisionaries.ws.client.ReadingThread.runMain(ReadingThread.java:64)
	at com.neovisionaries.ws.client.WebSocketThread.run(WebSocketThread.java:45)
2026-02-04 17:31:06 ERROR n.d.jda.api.requests.RestAction - RestAction queue returned failure
java.lang.IllegalStateException: This interaction has already been acknowledged or replied to. You can only reply or acknowledge an interaction once!
	at net.dv8tion.jda.internal.requests.restaction.interactions.InteractionCallbackImpl.tryAck(InteractionCallbackImpl.java:93)
	at net.dv8tion.jda.internal.requests.restaction.interactions.InteractionCallbackImpl.queue(InteractionCallbackImpl.java:100)
	at net.dv8tion.jda.api.requests.RestAction.queue(RestAction.java:549)
	at net.dv8tion.jda.api.requests.RestAction.queue(RestAction.java:516)
	at es.fplumara.dam1.actividades.discord.DiscordCommands.onSlashCommandInteraction(DiscordCommands.java:27)
	at net.dv8tion.jda.api.hooks.ListenerAdapter.onEvent(ListenerAdapter.java:660)
	at net.dv8tion.jda.api.hooks.InterfacedEventManager.handle(InterfacedEventManager.java:89)
	at net.dv8tion.jda.internal.hooks.EventManagerProxy.handleInternally(EventManagerProxy.java:76)
	at net.dv8tion.jda.internal.hooks.EventManagerProxy.handle(EventManagerProxy.java:63)
	at net.dv8tion.jda.internal.JDAImpl.handleEvent(JDAImpl.java:182)
	at net.dv8tion.jda.internal.handle.InteractionCreateHandler.handleCommand(InteractionCreateHandler.java:100)
	at net.dv8tion.jda.internal.handle.InteractionCreateHandler.handleInternally(InteractionCreateHandler.java:77)
	at net.dv8tion.jda.internal.handle.SocketHandler.handle(SocketHandler.java:39)
	at net.dv8tion.jda.internal.requests.WebSocketClient.onDispatch(WebSocketClient.java:936)
	at net.dv8tion.jda.internal.requests.WebSocketClient.onEvent(WebSocketClient.java:826)
	at net.dv8tion.jda.internal.requests.WebSocketClient.handleEvent(WebSocketClient.java:809)
	at net.dv8tion.jda.internal.requests.WebSocketClient.onBinaryMessage(WebSocketClient.java:980)
	at com.neovisionaries.ws.client.ListenerManager.callOnBinaryMessage(ListenerManager.java:385)
	at com.neovisionaries.ws.client.ReadingThread.callOnBinaryMessage(ReadingThread.java:276)
	at com.neovisionaries.ws.client.ReadingThread.handleBinaryFrame(ReadingThread.java:996)
	at com.neovisionaries.ws.client.ReadingThread.handleFrame(ReadingThread.java:755)
	at com.neovisionaries.ws.client.ReadingThread.main(ReadingThread.java:108)
	at com.neovisionaries.ws.client.ReadingThread.runMain(ReadingThread.java:64)
	at com.neovisionaries.ws.client.WebSocketThread.run(WebSocketThread.java:45)
2026-02-04 17:32:03 ERROR n.d.jda.api.requests.RestAction - RestAction queue returned failure
java.lang.IllegalStateException: This interaction has already been acknowledged or replied to. You can only reply or acknowledge an interaction once!
	at net.dv8tion.jda.internal.requests.restaction.interactions.InteractionCallbackImpl.tryAck(InteractionCallbackImpl.java:93)
	at net.dv8tion.jda.internal.requests.restaction.interactions.InteractionCallbackImpl.queue(InteractionCallbackImpl.java:100)
	at net.dv8tion.jda.api.requests.RestAction.queue(RestAction.java:549)
	at net.dv8tion.jda.api.requests.RestAction.queue(RestAction.java:516)
	at es.fplumara.dam1.actividades.discord.DiscordCommands.onSlashCommandInteraction(DiscordCommands.java:27)
	at net.dv8tion.jda.api.hooks.ListenerAdapter.onEvent(ListenerAdapter.java:660)
	at net.dv8tion.jda.api.hooks.InterfacedEventManager.handle(InterfacedEventManager.java:89)
	at net.dv8tion.jda.internal.hooks.EventManagerProxy.handleInternally(EventManagerProxy.java:76)
	at net.dv8tion.jda.internal.hooks.EventManagerProxy.handle(EventManagerProxy.java:63)
	at net.dv8tion.jda.internal.JDAImpl.handleEvent(JDAImpl.java:182)
	at net.dv8tion.jda.internal.handle.InteractionCreateHandler.handleCommand(InteractionCreateHandler.java:100)
	at net.dv8tion.jda.internal.handle.InteractionCreateHandler.handleInternally(InteractionCreateHandler.java:77)
	at net.dv8tion.jda.internal.handle.SocketHandler.handle(SocketHandler.java:39)
	at net.dv8tion.jda.internal.requests.WebSocketClient.onDispatch(WebSocketClient.java:936)
	at net.dv8tion.jda.internal.requests.WebSocketClient.onEvent(WebSocketClient.java:826)
	at net.dv8tion.jda.internal.requests.WebSocketClient.handleEvent(WebSocketClient.java:809)
	at net.dv8tion.jda.internal.requests.WebSocketClient.onBinaryMessage(WebSocketClient.java:980)
	at com.neovisionaries.ws.client.ListenerManager.callOnBinaryMessage(ListenerManager.java:385)
	at com.neovisionaries.ws.client.ReadingThread.callOnBinaryMessage(ReadingThread.java:276)
	at com.neovisionaries.ws.client.ReadingThread.handleBinaryFrame(ReadingThread.java:996)
	at com.neovisionaries.ws.client.ReadingThread.handleFrame(ReadingThread.java:755)
	at com.neovisionaries.ws.client.ReadingThread.main(ReadingThread.java:108)
	at com.neovisionaries.ws.client.ReadingThread.runMain(ReadingThread.java:64)
	at com.neovisionaries.ws.client.WebSocketThread.run(WebSocketThread.java:45)
2026-02-07 13:53:31 INFO  net.dv8tion.jda.api.JDA - Login Successful!
2026-02-07 13:53:32 INFO  n.d.j.i.requests.WebSocketClient - Connected to WebSocket
2026-02-07 13:53:32 INFO  net.dv8tion.jda.api.JDA - Finished Loading!
2026-02-07 13:53:58 ERROR n.d.jda.api.requests.RestAction - RestAction queue returned failure
java.lang.IllegalStateException: This interaction has already been acknowledged or replied to. You can only reply or acknowledge an interaction once!
	at net.dv8tion.jda.internal.requests.restaction.interactions.InteractionCallbackImpl.tryAck(InteractionCallbackImpl.java:93)
	at net.dv8tion.jda.internal.requests.restaction.interactions.InteractionCallbackImpl.queue(InteractionCallbackImpl.java:100)
	at net.dv8tion.jda.api.requests.RestAction.queue(RestAction.java:549)
	at net.dv8tion.jda.api.requests.RestAction.queue(RestAction.java:516)
	at es.fplumara.dam1.actividades.discord.DiscordCommands.onSlashCommandInteraction(DiscordCommands.java:27)
	at net.dv8tion.jda.api.hooks.ListenerAdapter.onEvent(ListenerAdapter.java:660)
	at net.dv8tion.jda.api.hooks.InterfacedEventManager.handle(InterfacedEventManager.java:89)
	at net.dv8tion.jda.internal.hooks.EventManagerProxy.handleInternally(EventManagerProxy.java:76)
	at net.dv8tion.jda.internal.hooks.EventManagerProxy.handle(EventManagerProxy.java:63)
	at net.dv8tion.jda.internal.JDAImpl.handleEvent(JDAImpl.java:182)
	at net.dv8tion.jda.internal.handle.InteractionCreateHandler.handleCommand(InteractionCreateHandler.java:100)
	at net.dv8tion.jda.internal.handle.InteractionCreateHandler.handleInternally(InteractionCreateHandler.java:77)
	at net.dv8tion.jda.internal.handle.SocketHandler.handle(SocketHandler.java:39)
	at net.dv8tion.jda.internal.requests.WebSocketClient.onDispatch(WebSocketClient.java:936)
	at net.dv8tion.jda.internal.requests.WebSocketClient.onEvent(WebSocketClient.java:826)
	at net.dv8tion.jda.internal.requests.WebSocketClient.handleEvent(WebSocketClient.java:809)
	at net.dv8tion.jda.internal.requests.WebSocketClient.onBinaryMessage(WebSocketClient.java:980)
	at com.neovisionaries.ws.client.ListenerManager.callOnBinaryMessage(ListenerManager.java:385)
	at com.neovisionaries.ws.client.ReadingThread.callOnBinaryMessage(ReadingThread.java:276)
	at com.neovisionaries.ws.client.ReadingThread.handleBinaryFrame(ReadingThread.java:996)
	at com.neovisionaries.ws.client.ReadingThread.handleFrame(ReadingThread.java:755)
	at com.neovisionaries.ws.client.ReadingThread.main(ReadingThread.java:108)
	at com.neovisionaries.ws.client.ReadingThread.runMain(ReadingThread.java:64)
	at com.neovisionaries.ws.client.WebSocketThread.run(WebSocketThread.java:45)
2026-02-07 14:23:22 ERROR net.dv8tion.jda.api.JDA - One of the EventListeners had an uncaught exception
java.lang.NullPointerException: Cannot invoke "net.dv8tion.jda.api.interactions.commands.OptionMapping.getAsString()" because the return value of "net.dv8tion.jda.api.events.interaction.command.SlashCommandInteractionEvent.getOption(String)" is null
	at es.fplumara.dam1.actividades.discord.DiscordCommands.onSlashCommandInteraction(DiscordCommands.java:20)
	at net.dv8tion.jda.api.hooks.ListenerAdapter.onEvent(ListenerAdapter.java:660)
	at net.dv8tion.jda.api.hooks.InterfacedEventManager.handle(InterfacedEventManager.java:89)
	at net.dv8tion.jda.internal.hooks.EventManagerProxy.handleInternally(EventManagerProxy.java:76)
	at net.dv8tion.jda.internal.hooks.EventManagerProxy.handle(EventManagerProxy.java:63)
	at net.dv8tion.jda.internal.JDAImpl.handleEvent(JDAImpl.java:182)
	at net.dv8tion.jda.internal.handle.InteractionCreateHandler.handleCommand(InteractionCreateHandler.java:100)
	at net.dv8tion.jda.internal.handle.InteractionCreateHandler.handleInternally(InteractionCreateHandler.java:77)
	at net.dv8tion.jda.internal.handle.SocketHandler.handle(SocketHandler.java:39)
	at net.dv8tion.jda.internal.requests.WebSocketClient.onDispatch(WebSocketClient.java:936)
	at net.dv8tion.jda.internal.requests.WebSocketClient.onEvent(WebSocketClient.java:826)
	at net.dv8tion.jda.internal.requests.WebSocketClient.handleEvent(WebSocketClient.java:809)
	at net.dv8tion.jda.internal.requests.WebSocketClient.onBinaryMessage(WebSocketClient.java:980)
	at com.neovisionaries.ws.client.ListenerManager.callOnBinaryMessage(ListenerManager.java:385)
	at com.neovisionaries.ws.client.ReadingThread.callOnBinaryMessage(ReadingThread.java:276)
	at com.neovisionaries.ws.client.ReadingThread.handleBinaryFrame(ReadingThread.java:996)
	at com.neovisionaries.ws.client.ReadingThread.handleFrame(ReadingThread.java:755)
	at com.neovisionaries.ws.client.ReadingThread.main(ReadingThread.java:108)
	at com.neovisionaries.ws.client.ReadingThread.runMain(ReadingThread.java:64)
	at com.neovisionaries.ws.client.WebSocketThread.run(WebSocketThread.java:45)
2026-02-07 15:01:02 INFO  net.dv8tion.jda.api.JDA - Login Successful!
2026-02-07 15:01:02 INFO  n.d.j.i.requests.WebSocketClient - Connected to WebSocket
2026-02-07 15:01:03 INFO  net.dv8tion.jda.api.JDA - Finished Loading!
2026-02-07 15:01:26 INFO  net.dv8tion.jda.api.JDA - Login Successful!
2026-02-07 15:01:26 INFO  n.d.j.i.requests.WebSocketClient - Connected to WebSocket
2026-02-07 15:01:27 INFO  net.dv8tion.jda.api.JDA - Finished Loading!
2026-02-07 15:01:42 INFO  net.dv8tion.jda.api.JDA - Login Successful!
2026-02-07 15:01:42 INFO  n.d.j.i.requests.WebSocketClient - Connected to WebSocket
2026-02-07 15:01:42 INFO  net.dv8tion.jda.api.JDA - Finished Loading!
2026-02-07 15:23:50 WARN  n.d.j.i.requests.WebSocketClient - Got disconnected from WebSocket (Code 1000). Appending to reconnect queue
2026-02-07 15:23:52 INFO  n.d.j.i.requests.WebSocketClient - Connected to WebSocket
2026-02-07 15:23:53 INFO  net.dv8tion.jda.api.JDA - Finished (Re)Loading!
2026-02-07 15:24:19 INFO  net.dv8tion.jda.api.JDA - Login Successful!
2026-02-07 15:24:19 INFO  n.d.j.i.requests.WebSocketClient - Connected to WebSocket
2026-02-07 15:24:21 INFO  net.dv8tion.jda.api.JDA - Finished Loading!
2026-02-07 15:24:34 ERROR net.dv8tion.jda.api.JDA - One of the EventListeners had an uncaught exception
java.lang.NullPointerException: Cannot invoke "net.dv8tion.jda.api.interactions.commands.OptionMapping.getAsString()" because the return value of "net.dv8tion.jda.api.events.interaction.command.SlashCommandInteractionEvent.getOption(String)" is null
	at es.fplumara.dam1.actividades.discord.DiscordCommands.onSlashCommandInteraction(DiscordCommands.java:20)
	at net.dv8tion.jda.api.hooks.ListenerAdapter.onEvent(ListenerAdapter.java:660)
	at net.dv8tion.jda.api.hooks.InterfacedEventManager.handle(InterfacedEventManager.java:89)
	at net.dv8tion.jda.internal.hooks.EventManagerProxy.handleInternally(EventManagerProxy.java:76)
	at net.dv8tion.jda.internal.hooks.EventManagerProxy.handle(EventManagerProxy.java:63)
	at net.dv8tion.jda.internal.JDAImpl.handleEvent(JDAImpl.java:182)
	at net.dv8tion.jda.internal.handle.InteractionCreateHandler.handleCommand(InteractionCreateHandler.java:100)
	at net.dv8tion.jda.internal.handle.InteractionCreateHandler.handleInternally(InteractionCreateHandler.java:77)
	at net.dv8tion.jda.internal.handle.SocketHandler.handle(SocketHandler.java:39)
	at net.dv8tion.jda.internal.requests.WebSocketClient.onDispatch(WebSocketClient.java:936)
	at net.dv8tion.jda.internal.requests.WebSocketClient.onEvent(WebSocketClient.java:826)
	at net.dv8tion.jda.internal.requests.WebSocketClient.handleEvent(WebSocketClient.java:809)
	at net.dv8tion.jda.internal.requests.WebSocketClient.onBinaryMessage(WebSocketClient.java:980)
	at com.neovisionaries.ws.client.ListenerManager.callOnBinaryMessage(ListenerManager.java:385)
	at com.neovisionaries.ws.client.ReadingThread.callOnBinaryMessage(ReadingThread.java:276)
	at com.neovisionaries.ws.client.ReadingThread.handleBinaryFrame(ReadingThread.java:996)
	at com.neovisionaries.ws.client.ReadingThread.handleFrame(ReadingThread.java:755)
	at com.neovisionaries.ws.client.ReadingThread.main(ReadingThread.java:108)
	at com.neovisionaries.ws.client.ReadingThread.runMain(ReadingThread.java:64)
	at com.neovisionaries.ws.client.WebSocketThread.run(WebSocketThread.java:45)
2026-02-07 15:45:04 WARN  n.d.j.i.requests.WebSocketClient - Got disconnected from WebSocket (Code 1000). Appending to reconnect queue
2026-02-07 15:45:06 INFO  n.d.j.i.requests.WebSocketClient - Connected to WebSocket
2026-02-07 15:45:07 INFO  net.dv8tion.jda.api.JDA - Finished (Re)Loading!
2026-02-07 15:49:45 INFO  net.dv8tion.jda.api.JDA - Login Successful!
2026-02-07 15:49:46 INFO  n.d.j.i.requests.WebSocketClient - Connected to WebSocket
2026-02-07 15:49:46 INFO  net.dv8tion.jda.api.JDA - Finished Loading!
2026-02-07 15:49:53 ERROR net.dv8tion.jda.api.JDA - One of the EventListeners had an uncaught exception
java.lang.NullPointerException: Cannot invoke "net.dv8tion.jda.api.interactions.commands.OptionMapping.getAsString()" because the return value of "net.dv8tion.jda.api.events.interaction.command.SlashCommandInteractionEvent.getOption(String)" is null
	at es.fplumara.dam1.actividades.discord.DiscordCommands.onSlashCommandInteraction(DiscordCommands.java:21)
	at net.dv8tion.jda.api.hooks.ListenerAdapter.onEvent(ListenerAdapter.java:660)
	at net.dv8tion.jda.api.hooks.InterfacedEventManager.handle(InterfacedEventManager.java:89)
	at net.dv8tion.jda.internal.hooks.EventManagerProxy.handleInternally(EventManagerProxy.java:76)
	at net.dv8tion.jda.internal.hooks.EventManagerProxy.handle(EventManagerProxy.java:63)
	at net.dv8tion.jda.internal.JDAImpl.handleEvent(JDAImpl.java:182)
	at net.dv8tion.jda.internal.handle.InteractionCreateHandler.handleCommand(InteractionCreateHandler.java:100)
	at net.dv8tion.jda.internal.handle.InteractionCreateHandler.handleInternally(InteractionCreateHandler.java:77)
	at net.dv8tion.jda.internal.handle.SocketHandler.handle(SocketHandler.java:39)
	at net.dv8tion.jda.internal.requests.WebSocketClient.onDispatch(WebSocketClient.java:936)
	at net.dv8tion.jda.internal.requests.WebSocketClient.onEvent(WebSocketClient.java:826)
	at net.dv8tion.jda.internal.requests.WebSocketClient.handleEvent(WebSocketClient.java:809)
	at net.dv8tion.jda.internal.requests.WebSocketClient.onBinaryMessage(WebSocketClient.java:980)
	at com.neovisionaries.ws.client.ListenerManager.callOnBinaryMessage(ListenerManager.java:385)
	at com.neovisionaries.ws.client.ReadingThread.callOnBinaryMessage(ReadingThread.java:276)
	at com.neovisionaries.ws.client.ReadingThread.handleBinaryFrame(ReadingThread.java:996)
	at com.neovisionaries.ws.client.ReadingThread.handleFrame(ReadingThread.java:755)
	at com.neovisionaries.ws.client.ReadingThread.main(ReadingThread.java:108)
	at com.neovisionaries.ws.client.ReadingThread.runMain(ReadingThread.java:64)
	at com.neovisionaries.ws.client.WebSocketThread.run(WebSocketThread.java:45)
2026-02-07 15:50:37 INFO  net.dv8tion.jda.api.JDA - Login Successful!
2026-02-07 15:50:37 INFO  n.d.j.i.requests.WebSocketClient - Connected to WebSocket
2026-02-07 15:50:38 INFO  net.dv8tion.jda.api.JDA - Finished Loading!
2026-02-07 15:50:46 ERROR n.d.jda.api.requests.RestAction - RestAction queue returned failure
java.lang.IllegalStateException: This interaction has already been acknowledged or replied to. You can only reply or acknowledge an interaction once!
	at net.dv8tion.jda.internal.requests.restaction.interactions.InteractionCallbackImpl.tryAck(InteractionCallbackImpl.java:93)
	at net.dv8tion.jda.internal.requests.restaction.interactions.InteractionCallbackImpl.queue(InteractionCallbackImpl.java:100)
	at net.dv8tion.jda.api.requests.RestAction.queue(RestAction.java:549)
	at net.dv8tion.jda.api.requests.RestAction.queue(RestAction.java:516)
	at es.fplumara.dam1.actividades.discord.DiscordCommands.onSlashCommandInteraction(DiscordCommands.java:18)
	at net.dv8tion.jda.api.hooks.ListenerAdapter.onEvent(ListenerAdapter.java:660)
	at net.dv8tion.jda.api.hooks.InterfacedEventManager.handle(InterfacedEventManager.java:89)
	at net.dv8tion.jda.internal.hooks.EventManagerProxy.handleInternally(EventManagerProxy.java:76)
	at net.dv8tion.jda.internal.hooks.EventManagerProxy.handle(EventManagerProxy.java:63)
	at net.dv8tion.jda.internal.JDAImpl.handleEvent(JDAImpl.java:182)
	at net.dv8tion.jda.internal.handle.InteractionCreateHandler.handleCommand(InteractionCreateHandler.java:100)
	at net.dv8tion.jda.internal.handle.InteractionCreateHandler.handleInternally(InteractionCreateHandler.java:77)
	at net.dv8tion.jda.internal.handle.SocketHandler.handle(SocketHandler.java:39)
	at net.dv8tion.jda.internal.requests.WebSocketClient.onDispatch(WebSocketClient.java:936)
	at net.dv8tion.jda.internal.requests.WebSocketClient.onEvent(WebSocketClient.java:826)
	at net.dv8tion.jda.internal.requests.WebSocketClient.handleEvent(WebSocketClient.java:809)
	at net.dv8tion.jda.internal.requests.WebSocketClient.onBinaryMessage(WebSocketClient.java:980)
	at com.neovisionaries.ws.client.ListenerManager.callOnBinaryMessage(ListenerManager.java:385)
	at com.neovisionaries.ws.client.ReadingThread.callOnBinaryMessage(ReadingThread.java:276)
	at com.neovisionaries.ws.client.ReadingThread.handleBinaryFrame(ReadingThread.java:996)
	at com.neovisionaries.ws.client.ReadingThread.handleFrame(ReadingThread.java:755)
	at com.neovisionaries.ws.client.ReadingThread.main(ReadingThread.java:108)
	at com.neovisionaries.ws.client.ReadingThread.runMain(ReadingThread.java:64)
	at com.neovisionaries.ws.client.WebSocketThread.run(WebSocketThread.java:45)
2026-02-07 15:50:46 ERROR net.dv8tion.jda.api.JDA - One of the EventListeners had an uncaught exception
java.lang.NullPointerException: Cannot invoke "net.dv8tion.jda.api.interactions.commands.OptionMapping.getAsString()" because the return value of "net.dv8tion.jda.api.events.interaction.command.SlashCommandInteractionEvent.getOption(String)" is null
	at es.fplumara.dam1.actividades.discord.DiscordCommands.onSlashCommandInteraction(DiscordCommands.java:21)
	at net.dv8tion.jda.api.hooks.ListenerAdapter.onEvent(ListenerAdapter.java:660)
	at net.dv8tion.jda.api.hooks.InterfacedEventManager.handle(InterfacedEventManager.java:89)
	at net.dv8tion.jda.internal.hooks.EventManagerProxy.handleInternally(EventManagerProxy.java:76)
	at net.dv8tion.jda.internal.hooks.EventManagerProxy.handle(EventManagerProxy.java:63)
	at net.dv8tion.jda.internal.JDAImpl.handleEvent(JDAImpl.java:182)
	at net.dv8tion.jda.internal.handle.InteractionCreateHandler.handleCommand(InteractionCreateHandler.java:100)
	at net.dv8tion.jda.internal.handle.InteractionCreateHandler.handleInternally(InteractionCreateHandler.java:77)
	at net.dv8tion.jda.internal.handle.SocketHandler.handle(SocketHandler.java:39)
	at net.dv8tion.jda.internal.requests.WebSocketClient.onDispatch(WebSocketClient.java:936)
	at net.dv8tion.jda.internal.requests.WebSocketClient.onEvent(WebSocketClient.java:826)
	at net.dv8tion.jda.internal.requests.WebSocketClient.handleEvent(WebSocketClient.java:809)
	at net.dv8tion.jda.internal.requests.WebSocketClient.onBinaryMessage(WebSocketClient.java:980)
	at com.neovisionaries.ws.client.ListenerManager.callOnBinaryMessage(ListenerManager.java:385)
	at com.neovisionaries.ws.client.ReadingThread.callOnBinaryMessage(ReadingThread.java:276)
	at com.neovisionaries.ws.client.ReadingThread.handleBinaryFrame(ReadingThread.java:996)
	at com.neovisionaries.ws.client.ReadingThread.handleFrame(ReadingThread.java:755)
	at com.neovisionaries.ws.client.ReadingThread.main(ReadingThread.java:108)
	at com.neovisionaries.ws.client.ReadingThread.runMain(ReadingThread.java:64)
	at com.neovisionaries.ws.client.WebSocketThread.run(WebSocketThread.java:45)
